2015-10-29 16:13:04 Workerman[dataBak.php] start in DEBUG mode
2015-10-29 16:41:07 Workerman[dataBak.php] Stopping ...
2015-10-29 16:41:08 worker[database_backup:2829] exit with status 9
2015-10-29 16:41:08 Workerman[dataBak.php] has been stopped
2015-10-29 16:42:10 Workerman[dataBak.php] start in DEBUG mode
2015-10-29 17:04:19 Workerman[dataBak.php] Stopping ...
2015-10-29 17:04:19 Workerman[dataBak.php] has been stopped
2015-10-29 17:04:33 Workerman[dataBak.php] start in DEBUG mode
2015-10-29 17:04:38 WORKER EXIT UNEXPECTED E_ERROR Call to undefined function msg_pack() in /Users/shameless/php_workspace/website_php/workman/dataBak.php on line 28
2015-10-29 17:04:38 worker[database_backup:3008] exit with status 65280
2015-10-29 17:04:55 Workerman[dataBak.php] Stopping ...
2015-10-29 17:04:55 Workerman[dataBak.php] has been stopped
2015-10-29 17:05:24 Workerman[dataBak.php] start in DEBUG mode
2015-10-29 17:09:25 Workerman[dataBak.php] Stopping ...
2015-10-29 17:09:25 Workerman[dataBak.php] has been stopped
2015-10-29 17:09:27 Workerman[dataBak.php] start in DEBUG mode
2015-10-29 17:10:01 Workerman[dataBak.php] Stopping ...
2015-10-29 17:10:01 Workerman[dataBak.php] has been stopped
2015-10-29 17:10:02 Workerman[dataBak.php] start in DEBUG mode
2015-10-29 17:12:14 Workerman[dataBak.php] Stopping ...
2015-10-29 17:12:14 Workerman[dataBak.php] has been stopped
2015-10-29 17:12:15 Workerman[dataBak.php] start in DEBUG mode
2015-10-29 17:14:20 Workerman[dataBak.php] Stopping ...
2015-10-29 17:14:20 Workerman[dataBak.php] has been stopped
2015-10-29 17:14:22 Workerman[dataBak.php] start in DEBUG mode
2015-10-29 17:25:46 Workerman[dataBak.php] Stopping ...
2015-10-29 17:25:46 Workerman[dataBak.php] has been stopped
2015-10-29 17:25:48 Workerman[dataBak.php] start in DEBUG mode
2015-10-29 17:27:43 Workerman[dataBak.php] Stopping ...
2015-10-29 17:27:43 Workerman[dataBak.php] has been stopped
2015-10-29 17:27:46 Workerman[dataBak.php] start in DEBUG mode
2015-10-29 17:28:03 Workerman[dataBak.php] Stopping ...
2015-10-29 17:28:03 Workerman[dataBak.php] has been stopped
2015-10-29 17:29:16 Workerman[dataBak.php] start in DEBUG mode
2015-10-29 17:29:27 Workerman[dataBak.php] Stopping ...
2015-10-29 17:29:27 Workerman[dataBak.php] has been stopped
2015-10-29 17:38:59 Workerman[dataBak.php] start in DEBUG mode
2015-10-29 17:46:14 Workerman[dataBak.php] Stopping ...
2015-10-29 17:46:14 Workerman[dataBak.php] has been stopped
2015-10-29 17:46:42 Workerman[dataBak.php] start in DEBUG mode
2015-10-29 17:47:24 Workerman[dataBak.php] Stopping ...
2015-10-29 17:47:24 Workerman[dataBak.php] has been stopped
2015-10-29 17:47:30 Workerman[dataBak.php] start in DEBUG mode
2015-10-29 17:47:42 Workerman[dataBak.php] Stopping ...
2015-10-29 17:47:42 Workerman[dataBak.php] has been stopped
2015-10-29 17:47:44 Workerman[dataBak.php] start in DEBUG mode
2015-10-29 17:47:50 Workerman[dataBak.php] Stopping ...
2015-10-29 17:47:50 Workerman[dataBak.php] has been stopped
2015-10-29 17:49:37 Workerman[dataBak.php] start in DEBUG mode
2015-10-29 17:52:11 Workerman[dataBak.php] Stopping ...
2015-10-29 17:52:11 Workerman[dataBak.php] has been stopped
2015-10-29 17:52:29 Workerman[dataBak.php] start in DEBUG mode
2015-10-29 17:52:48 Workerman[dataBak.php] Stopping ...
2015-10-29 17:52:48 Workerman[dataBak.php] has been stopped
2015-10-29 17:53:04 Workerman[dataBak.php] start in DEBUG mode
2015-10-29 17:53:31 Workerman[dataBak.php] Stopping ...
2015-10-29 17:53:31 Workerman[dataBak.php] has been stopped
2015-10-29 17:53:48 Workerman[dataBak.php] start in DEBUG mode
2015-10-29 19:47:18 Workerman[dataBak.php] Stopping ...
2015-10-29 19:47:18 Workerman[dataBak.php] has been stopped
2015-10-29 20:00:10 Workerman[dataBak.php] start in DEBUG mode
2015-10-29 20:00:15 WORKER EXIT UNEXPECTED E_ERROR Call to undefined method Workerman\Connection\TcpConnection::destory() in /Users/shameless/php_workspace/website_php/workman/dataBak.php on line 19
2015-10-29 20:00:15 worker[database_backup:3581] exit with status 65280
2015-10-29 20:00:29 Workerman[dataBak.php] Stopping ...
2015-10-29 20:00:29 Workerman[dataBak.php] has been stopped
2015-10-29 20:01:44 Workerman[dataBak.php] start in DEBUG mode
2015-10-29 20:01:54 Workerman[dataBak.php] Stopping ...
2015-10-29 20:01:54 Workerman[dataBak.php] has been stopped
2015-10-29 20:04:52 Workerman[dataBak.php] start in DEBUG mode
2015-10-29 20:06:46 Workerman[dataBak.php] Stopping ...
2015-10-29 20:06:46 Workerman[dataBak.php] has been stopped
2015-10-29 20:06:48 Workerman[dataBak.php] start in DEBUG mode
2015-10-29 20:07:04 Workerman[dataBak.php] Stopping ...
2015-10-29 20:07:04 Workerman[dataBak.php] has been stopped
2015-10-29 20:39:40 Workerman[dataBak.php] start in DEBUG mode
2015-10-29 20:41:22 Workerman[dataBak.php] Stopping ...
2015-10-29 20:41:22 Workerman[dataBak.php] has been stopped
2015-10-29 20:41:29 Workerman[dataBak.php] start in DEBUG mode
2015-10-30 10:10:19 Workerman[dataBak.php] Stopping ...
2015-10-30 10:10:19 Workerman[dataBak.php] has been stopped
2015-10-30 10:10:21 Workerman[dataBak.php] start in DEBUG mode
2015-10-30 11:13:27 Workerman[dataBak.php] Stopping ...
2015-10-30 11:13:27 Workerman[dataBak.php] has been stopped
